[2025-06-20 20:53:08,940: INFO: main: >>>>>>>> stage Data Ingestion Stage started <<<<<<<<]
[2025-06-20 20:53:08,941: INFO: common: yaml file: /Users/badaradiallo/Desktop/DataScience_Projetc/config/config.yaml loaded successfully]
[2025-06-20 20:53:08,943: INFO: common: yaml file: params.yaml loaded successfully]
[2025-06-20 20:53:08,943: INFO: common: yaml file: schema.yaml loaded successfully]
[2025-06-20 20:53:08,944: INFO: common: created directory at: artifacts]
[2025-06-20 20:53:08,944: INFO: common: created directory at: artifacts/data_ingestion]
[2025-06-20 20:53:10,334: INFO: data_ingestion: artifacts/data_ingestion/data.zip download with the following info: 
Connection: close
Content-Length: 23329
Cache-Control: max-age=300
Content-Security-Policy: default-src 'none'; style-src 'unsafe-inline'; sandbox
Content-Type: application/zip
ETag: "c69888a4ae59bc5a893392785a938ccd4937981c06ba8a9d6a21aa52b4ab5b6e"
Strict-Transport-Security: max-age=31536000
X-Content-Type-Options: nosniff
X-Frame-Options: deny
X-XSS-Protection: 1; mode=block
X-GitHub-Request-Id: 9CEB:DD277:3A7831:41565B:6855A702
Accept-Ranges: bytes
Date: Fri, 20 Jun 2025 18:53:10 GMT
Via: 1.1 varnish
X-Served-By: cache-par-lfpg1960033-PAR
X-Cache: HIT
X-Cache-Hits: 0
X-Timer: S1750445590.098314,VS0,VE179
Vary: Authorization,Accept-Encoding
Access-Control-Allow-Origin: *
Cross-Origin-Resource-Policy: cross-origin
X-Fastly-Request-ID: 2f1bc3381fee32f863bfda7ae912e2e395b43278
Expires: Fri, 20 Jun 2025 18:58:10 GMT
Source-Age: 0

]
[2025-06-20 20:53:10,338: INFO: main: >>>>>>>> stage Data Ingestion Stage completed <<<<<<<<<<<<<<

x==============x]
